1511200031.717059 client started (93781): version 2.6, socket /private/tmp/tmux-501/default, protocol 8
1511200031.717115 on Darwin 17.2.0 Darwin Kernel Version 17.2.0: Fri Sep 29 18:27:05 PDT 2017; root:xnu-4570.20.62~3/RELEASE_X86_64; libevent 2.1.8-stable (select)
1511200031.717164 socket is /private/tmp/tmux-501/default
1511200031.717191 trying connect
1511200031.717284 add peer 0x7fde23010000: 6 (0x0)
1511200031.718714 sending message 100 to peer 0x7fde23010000 (4 bytes)
1511200031.718739 sending message 101 to peer 0x7fde23010000 (16 bytes)
1511200031.718751 sending message 102 to peer 0x7fde23010000 (13 bytes)
1511200031.718761 sending message 108 to peer 0x7fde23010000 (31 bytes)
1511200031.718782 sending message 104 to peer 0x7fde23010000 (0 bytes)
1511200031.718792 sending message 107 to peer 0x7fde23010000 (4 bytes)
1511200031.718803 sending message 105 to peer 0x7fde23010000 (76 bytes)
1511200031.718813 sending message 105 to peer 0x7fde23010000 (15 bytes)
1511200031.718823 sending message 105 to peer 0x7fde23010000 (20 bytes)
1511200031.718833 sending message 105 to peer 0x7fde23010000 (19 bytes)
1511200031.718843 sending message 105 to peer 0x7fde23010000 (15 bytes)
1511200031.718853 sending message 105 to peer 0x7fde23010000 (18 bytes)
1511200031.718863 sending message 105 to peer 0x7fde23010000 (22 bytes)
1511200031.718873 sending message 105 to peer 0x7fde23010000 (61 bytes)
1511200031.718883 sending message 105 to peer 0x7fde23010000 (15 bytes)
1511200031.718893 sending message 105 to peer 0x7fde23010000 (8 bytes)
1511200031.718903 sending message 105 to peer 0x7fde23010000 (14 bytes)
1511200031.718913 sending message 105 to peer 0x7fde23010000 (32 bytes)
1511200031.718923 sending message 105 to peer 0x7fde23010000 (25 bytes)
1511200031.718933 sending message 105 to peer 0x7fde23010000 (11 bytes)
1511200031.718943 sending message 105 to peer 0x7fde23010000 (307 bytes)
1511200031.718953 sending message 105 to peer 0x7fde23010000 (35 bytes)
1511200031.718963 sending message 105 to peer 0x7fde23010000 (15 bytes)
1511200031.718973 sending message 105 to peer 0x7fde23010000 (8 bytes)
1511200031.718983 sending message 105 to peer 0x7fde23010000 (18 bytes)
1511200031.718993 sending message 105 to peer 0x7fde23010000 (66 bytes)
1511200031.719003 sending message 105 to peer 0x7fde23010000 (21 bytes)
1511200031.719013 sending message 105 to peer 0x7fde23010000 (23 bytes)
1511200031.719023 sending message 105 to peer 0x7fde23010000 (27 bytes)
1511200031.719033 sending message 105 to peer 0x7fde23010000 (60 bytes)
1511200031.719043 sending message 105 to peer 0x7fde23010000 (57 bytes)
1511200031.719053 sending message 105 to peer 0x7fde23010000 (43 bytes)
1511200031.719063 sending message 105 to peer 0x7fde23010000 (13 bytes)
1511200031.719073 sending message 105 to peer 0x7fde23010000 (53 bytes)
1511200031.719082 sending message 105 to peer 0x7fde23010000 (11 bytes)
1511200031.719092 sending message 105 to peer 0x7fde23010000 (14 bytes)
1511200031.719102 sending message 105 to peer 0x7fde23010000 (19 bytes)
1511200031.719112 sending message 105 to peer 0x7fde23010000 (38 bytes)
1511200031.719122 sending message 105 to peer 0x7fde23010000 (84 bytes)
1511200031.719132 sending message 105 to peer 0x7fde23010000 (20 bytes)
1511200031.719142 sending message 105 to peer 0x7fde23010000 (22 bytes)
1511200031.719152 sending message 105 to peer 0x7fde23010000 (17 bytes)
1511200031.719162 sending message 105 to peer 0x7fde23010000 (15 bytes)
1511200031.719172 sending message 106 to peer 0x7fde23010000 (0 bytes)
1511200031.719185 sending message 200 to peer 0x7fde23010000 (4 bytes)
1511200031.719195 client loop enter
1511200031.719525 peer 0x7fde23010000 message 211
1511200031.719580 peer 0x7fde23010000 message 203
1511200031.719598 client loop exit
